## [2026-05-29]

### RGPD — Anonymisation des feedbacks à J+180 + Purge des commentaires à J+365 dans deux jobs avec cron (services `cron-jobs` dans docker-compose) :
- `jobs/anonymise_feedbacks.py` : à J+180 après la fin de session, le champ `stagiaire_email` est remplacé par un hash SHA-256 tronqué (16 premiers caractères hex).
- `jobs/purge_commentaires.py` : à J+365 après la fin de session, les commentaires (champ `commentaire`) sont remplacés par une chaîne

### StagiairePayload : RGPD Filtre les champs interdit

### Ajout Docstring dans le fichier `assistant/tools.py` pour la fonction `query_db` : "Exécute une requête SQL prédéfinie et renvoie les résultats."

### Fix SQL — `queries/stagiaires_par_session.sql`
- `cl.raison_sociale` et `s.id` ajoutés au `GROUP BY` — PostgreSQL exige que toutes les colonnes non-agrégées du SELECT soient dans le GROUP BY (contrairement à MySQL).

### Fix BDD
- LA BDD ne etre construite et peupler correctement à partir du Makefile

### Ajouté

- `comprendre_le_projet/flux_uml_bdd.drawio` : diagramme précis fichiers → tables avec opérations (UPSERT/SELECT/CREATE) par fichier et par table.
- `comprendre_le_projet/mpd.drawio` : mpd complet des 5 tables (`clients`, `sessions`, `stagiaires`, `feedbacks`, `contrats`) avec colonnes, types, contraintes et relations.

### Corrigé
- `collect/feedbacks.py` : collecteur entièrement reécrit — modèle renommé `FeedbackPayload`, champ `id` supprimé (absent du CSV), chemin corrigé vers `data/feedbacks/`, `db_session` sorti de la boucle, `source_csv` ajouté, `ON CONFLICT` aligné sur la contrainte réelle `(session_id, stagiaire_email, date_saisie)`. Fait avec l'ia (pas frapper)

---

## [2026-05-28]

### Ajouté
-  Inversion de seed et collect dans le make pour résoudre les clefs étrangères manquantes 
- `migrations/versions/004_create_contrats.py` : migration manquante — crée la table `contrats` (id, client_id, session_id, statut, montant_ht, date_signature). Son absence cassait la chaîne Alembic et empêchait `make migrate` de s'exécuter (`KeyError: '004'`).
